-- The C compiler identification is GNU 11.4.0
-- The CXX compiler identification is GNU 11.4.0
-- Detecting C compiler ABI info
-- Detecting C compiler ABI info - done
-- Check for working C compiler: /usr/bin/cc - skipped
-- Detecting C compile features
-- Detecting C compile features - done
-- Detecting CXX compiler ABI info
-- Detecting CXX compiler ABI info - done
-- Check for working CXX compiler: /usr/bin/c++ - skipped
-- Detecting CXX compile features
-- Detecting CXX compile features - done
-- Found ament_cmake: 1.3.9 (/opt/ros/humble/share/ament_cmake/cmake)
-- Found Python3: /usr/bin/python3 (found version "3.10.12") found components: Interpreter 
-- Found rclcpp: 16.0.9 (/opt/ros/humble/share/rclcpp/cmake)
-- Found rosidl_generator_c: 3.1.5 (/opt/ros/humble/share/rosidl_generator_c/cmake)
-- Found rosidl_adapter: 3.1.5 (/opt/ros/humble/share/rosidl_adapter/cmake)
-- Found rosidl_generator_cpp: 3.1.5 (/opt/ros/humble/share/rosidl_generator_cpp/cmake)
-- Using all available rosidl_typesupport_c: rosidl_typesupport_fastrtps_c;rosidl_typesupport_introspection_c
-- Using all available rosidl_typesupport_cpp: rosidl_typesupport_fastrtps_cpp;rosidl_typesupport_introspection_cpp
-- Found rmw_implementation_cmake: 6.1.2 (/opt/ros/humble/share/rmw_implementation_cmake/cmake)
-- Found rmw_fastrtps_cpp: 6.2.6 (/opt/ros/humble/share/rmw_fastrtps_cpp/cmake)
-- Found OpenSSL: /usr/lib/x86_64-linux-gnu/libcrypto.so (found version "3.0.2")  
-- Found FastRTPS: /opt/ros/humble/include  
-- Using RMW implementation 'rmw_fastrtps_cpp' as default
-- Looking for pthread.h
-- Looking for pthread.h - found
-- Performing Test CMAKE_HAVE_LIBC_PTHREAD
-- Performing Test CMAKE_HAVE_LIBC_PTHREAD - Success
-- Found Threads: TRUE  
-- Found geometry_msgs: 4.2.4 (/opt/ros/humble/share/geometry_msgs/cmake)
-- Found visualization_msgs: 4.2.4 (/opt/ros/humble/share/visualization_msgs/cmake)
-- Configuring done
-- Generating done
-- Build files have been written to: /root/ros2_ws/build/planner
[ 50%] [32mBuilding CXX object CMakeFiles/plan_trajectory_planner.dir/src/local_planner.cpp.o[0m
[01m[K/root/ros2_ws/src/formula_student_packages/planner/src/local_planner.cpp:[m[K In constructor â€˜[01m[KLocalPlanner::LocalPlanner()[m[Kâ€™:
[01m[K/root/ros2_ws/src/formula_student_packages/planner/src/local_planner.cpp:18:9:[m[K [01;31m[Kerror: [m[Kâ€˜[01m[Ktimer[m[Kâ€™ was not declared in this scope; did you mean â€˜[01m[Ktimer_[m[Kâ€™?
   18 |         [01;31m[Ktimer[m[K = this->create_wall_timer(std::chrono::milliseconds(200), std::bind(&LocalPlanner::loop, this));
      |         [01;31m[K^~~~~[m[K
      |         [32m[Ktimer_[m[K
[01m[K/root/ros2_ws/src/formula_student_packages/planner/src/local_planner.cpp:19:9:[m[K [01;31m[Kerror: [m[Kâ€˜[01m[Ktraj_pub[m[Kâ€™ was not declared in this scope; did you mean â€˜[01m[Ktraj_pub_[m[Kâ€™?
   19 |         [01;31m[Ktraj_pub[m[K = this->create_publisher<visualization_msgs::msg::MarkerArray>("/planner/trajectory", 10);
      |         [01;31m[K^~~~~~~~[m[K
      |         [32m[Ktraj_pub_[m[K
[01m[K/root/ros2_ws/src/formula_student_packages/planner/src/local_planner.cpp:20:9:[m[K [01;31m[Kerror: [m[Kâ€˜[01m[KobjFusedLeft_sub[m[Kâ€™ was not declared in this scope; did you mean â€˜[01m[KobjFusedLeft_callback[m[Kâ€™?
   20 |         [01;31m[KobjFusedLeft_sub[m[K = this->create_subscription<visualization_msgs::msg::MarkerArray>("/prcp_obj_list_left_fused", 10,  std::bind(&LocalPlanner::objFusedLeft_callback, this, std::placeholders::_1));
      |         [01;31m[K^~~~~~~~~~~~~~~~[m[K
      |         [32m[KobjFusedLeft_callback[m[K
[01m[K/root/ros2_ws/src/formula_student_packages/planner/src/local_planner.cpp:21:9:[m[K [01;31m[Kerror: [m[Kâ€˜[01m[KobjFusedRight_sub[m[Kâ€™ was not declared in this scope
   21 |         [01;31m[KobjFusedRight_sub[m[K = this->create_subscription<visualization_msgs::msg::MarkerArray>("/prcp_obj_list_right_fused", 10,  std::bind(&LocalPlanner::objFusedRight_callback, this, std::placeholders::_1));
      |         [01;31m[K^~~~~~~~~~~~~~~~~[m[K
[01m[K/root/ros2_ws/src/formula_student_packages/planner/src/local_planner.cpp:21:153:[m[K [01;31m[Kerror: [m[Kâ€˜[01m[KobjFusedRight_callback[m[Kâ€™ is not a member of â€˜[01m[KLocalPlanner[m[Kâ€™
   21 | _list_right_fused", 10,  std::bind(&LocalPlanner::[01;31m[KobjFusedRight_callback[m[K, this, std::placeholders::_1));
      |                                                   [01;31m[K^~~~~~~~~~~~~~~~~~~~~~[m[K

[01m[K/root/ros2_ws/src/formula_student_packages/planner/src/local_planner.cpp:[m[K In member function â€˜[01m[Kvoid LocalPlanner::loop()[m[Kâ€™:
[01m[K/root/ros2_ws/src/formula_student_packages/planner/src/local_planner.cpp:51:27:[m[K [01;31m[Kerror: [m[Kâ€˜[01m[Kx[m[Kâ€™ was not declared in this scope
   51 |         pose.position.x = [01;31m[Kx[m[K;
      |                           [01;31m[K^[m[K
[01m[K/root/ros2_ws/src/formula_student_packages/planner/src/local_planner.cpp:52:27:[m[K [01;31m[Kerror: [m[Kâ€˜[01m[Ky[m[Kâ€™ was not declared in this scope; did you mean â€˜[01m[Kyn[m[Kâ€™?
   52 |         pose.position.y = [01;31m[Ky[m[K;
      |                           [01;31m[K^[m[K
      |                           [32m[Kyn[m[K
[01m[K/root/ros2_ws/src/formula_student_packages/planner/src/local_planner.cpp:54:27:[m[K [01;31m[Kerror: [m[Kâ€˜[01m[Ki[m[Kâ€™ was not declared in this scope
   54 |         point.marker.id = [01;31m[Ki[m[K;
      |                           [01;31m[K^[m[K
[01m[K/root/ros2_ws/src/formula_student_packages/planner/src/local_planner.cpp:57:9:[m[K [01;31m[Kerror: [m[Kâ€˜[01m[Ktraj_pub[m[Kâ€™ was not declared in this scope; did you mean â€˜[01m[Ktraj_pub_[m[Kâ€™?
   57 |         [01;31m[Ktraj_pub[m[K->publish(pose_msg);
      |         [01;31m[K^~~~~~~~[m[K
      |         [32m[Ktraj_pub_[m[K
gmake[2]: *** [CMakeFiles/plan_trajectory_planner.dir/build.make:76: CMakeFiles/plan_trajectory_planner.dir/src/local_planner.cpp.o] Error 1
gmake[1]: *** [CMakeFiles/Makefile2:137: CMakeFiles/plan_trajectory_planner.dir/all] Error 2
gmake: *** [Makefile:146: all] Error 2
