[0.019s] Invoking command in '/root/ros2_ws/build/planner': CMAKE_PREFIX_PATH=${CMAKE_PREFIX_PATH}:/root/ros2_ws/install/pointcloud_publisher:/opt/ros/humble /usr/bin/cmake /root/ros2_ws/src/formula_student_packages/planner -DCMAKE_INSTALL_PREFIX=/root/ros2_ws/install/planner
[0.158s] -- The C compiler identification is GNU 11.4.0
[0.251s] -- The CXX compiler identification is GNU 11.4.0
[0.263s] -- Detecting C compiler ABI info
[0.372s] -- Detecting C compiler ABI info - done
[0.382s] -- Check for working C compiler: /usr/bin/cc - skipped
[0.383s] -- Detecting C compile features
[0.383s] -- Detecting C compile features - done
[0.389s] -- Detecting CXX compiler ABI info
[0.522s] -- Detecting CXX compiler ABI info - done
[0.533s] -- Check for working CXX compiler: /usr/bin/c++ - skipped
[0.533s] -- Detecting CXX compile features
[0.534s] -- Detecting CXX compile features - done
[0.539s] -- Found ament_cmake: 1.3.9 (/opt/ros/humble/share/ament_cmake/cmake)
[0.832s] -- Found Python3: /usr/bin/python3 (found version "3.10.12") found components: Interpreter 
[0.999s] -- Found rclcpp: 16.0.9 (/opt/ros/humble/share/rclcpp/cmake)
[1.083s] -- Found rosidl_generator_c: 3.1.5 (/opt/ros/humble/share/rosidl_generator_c/cmake)
[1.094s] -- Found rosidl_adapter: 3.1.5 (/opt/ros/humble/share/rosidl_adapter/cmake)
[1.111s] -- Found rosidl_generator_cpp: 3.1.5 (/opt/ros/humble/share/rosidl_generator_cpp/cmake)
[1.137s] -- Using all available rosidl_typesupport_c: rosidl_typesupport_fastrtps_c;rosidl_typesupport_introspection_c
[1.172s] -- Using all available rosidl_typesupport_cpp: rosidl_typesupport_fastrtps_cpp;rosidl_typesupport_introspection_cpp
[1.314s] -- Found rmw_implementation_cmake: 6.1.2 (/opt/ros/humble/share/rmw_implementation_cmake/cmake)
[1.320s] -- Found rmw_fastrtps_cpp: 6.2.6 (/opt/ros/humble/share/rmw_fastrtps_cpp/cmake)
[1.522s] -- Found OpenSSL: /usr/lib/x86_64-linux-gnu/libcrypto.so (found version "3.0.2")  
[1.571s] -- Found FastRTPS: /opt/ros/humble/include  
[1.656s] -- Using RMW implementation 'rmw_fastrtps_cpp' as default
[1.677s] -- Looking for pthread.h
[1.806s] -- Looking for pthread.h - found
[1.807s] -- Performing Test CMAKE_HAVE_LIBC_PTHREAD
[1.945s] -- Performing Test CMAKE_HAVE_LIBC_PTHREAD - Success
[1.947s] -- Found Threads: TRUE  
[2.200s] -- Found geometry_msgs: 4.2.4 (/opt/ros/humble/share/geometry_msgs/cmake)
[2.268s] -- Found visualization_msgs: 4.2.4 (/opt/ros/humble/share/visualization_msgs/cmake)
[2.701s] -- Configuring done
[2.717s] -- Generating done
[2.720s] -- Build files have been written to: /root/ros2_ws/build/planner
[2.733s] Invoked command in '/root/ros2_ws/build/planner' returned '0': CMAKE_PREFIX_PATH=${CMAKE_PREFIX_PATH}:/root/ros2_ws/install/pointcloud_publisher:/opt/ros/humble /usr/bin/cmake /root/ros2_ws/src/formula_student_packages/planner -DCMAKE_INSTALL_PREFIX=/root/ros2_ws/install/planner
[2.740s] Invoking command in '/root/ros2_ws/build/planner': CMAKE_PREFIX_PATH=${CMAKE_PREFIX_PATH}:/root/ros2_ws/install/pointcloud_publisher:/opt/ros/humble /usr/bin/cmake --build /root/ros2_ws/build/planner -- -j8 -l8
[2.818s] [ 50%] [32mBuilding CXX object CMakeFiles/plan_trajectory_planner.dir/src/local_planner.cpp.o[0m
[7.254s] [01m[K/root/ros2_ws/src/formula_student_packages/planner/src/local_planner.cpp:[m[K In constructor â€˜[01m[KLocalPlanner::LocalPlanner()[m[Kâ€™:
[7.254s] [01m[K/root/ros2_ws/src/formula_student_packages/planner/src/local_planner.cpp:18:9:[m[K [01;31m[Kerror: [m[Kâ€˜[01m[Ktimer[m[Kâ€™ was not declared in this scope; did you mean â€˜[01m[Ktimer_[m[Kâ€™?
[7.254s]    18 |         [01;31m[Ktimer[m[K = this->create_wall_timer(std::chrono::milliseconds(200), std::bind(&LocalPlanner::loop, this));
[7.254s]       |         [01;31m[K^~~~~[m[K
[7.254s]       |         [32m[Ktimer_[m[K
[7.274s] [01m[K/root/ros2_ws/src/formula_student_packages/planner/src/local_planner.cpp:19:9:[m[K [01;31m[Kerror: [m[Kâ€˜[01m[Ktraj_pub[m[Kâ€™ was not declared in this scope; did you mean â€˜[01m[Ktraj_pub_[m[Kâ€™?
[7.275s]    19 |         [01;31m[Ktraj_pub[m[K = this->create_publisher<visualization_msgs::msg::MarkerArray>("/planner/trajectory", 10);
[7.275s]       |         [01;31m[K^~~~~~~~[m[K
[7.275s]       |         [32m[Ktraj_pub_[m[K
[7.289s] [01m[K/root/ros2_ws/src/formula_student_packages/planner/src/local_planner.cpp:20:9:[m[K [01;31m[Kerror: [m[Kâ€˜[01m[KobjFusedLeft_sub[m[Kâ€™ was not declared in this scope; did you mean â€˜[01m[KobjFusedLeft_callback[m[Kâ€™?
[7.289s]    20 |         [01;31m[KobjFusedLeft_sub[m[K = this->create_subscription<visualization_msgs::msg::MarkerArray>("/prcp_obj_list_left_fused", 10,  std::bind(&LocalPlanner::objFusedLeft_callback, this, std::placeholders::_1));
[7.289s]       |         [01;31m[K^~~~~~~~~~~~~~~~[m[K
[7.289s]       |         [32m[KobjFusedLeft_callback[m[K
[7.379s] [01m[K/root/ros2_ws/src/formula_student_packages/planner/src/local_planner.cpp:21:9:[m[K [01;31m[Kerror: [m[Kâ€˜[01m[KobjFusedRight_sub[m[Kâ€™ was not declared in this scope
[7.379s]    21 |         [01;31m[KobjFusedRight_sub[m[K = this->create_subscription<visualization_msgs::msg::MarkerArray>("/prcp_obj_list_right_fused", 10,  std::bind(&LocalPlanner::objFusedRight_callback, this, std::placeholders::_1));
[7.379s]       |         [01;31m[K^~~~~~~~~~~~~~~~~[m[K
[7.379s] [01m[K/root/ros2_ws/src/formula_student_packages/planner/src/local_planner.cpp:21:153:[m[K [01;31m[Kerror: [m[Kâ€˜[01m[KobjFusedRight_callback[m[Kâ€™ is not a member of â€˜[01m[KLocalPlanner[m[Kâ€™
[7.379s]    21 | _list_right_fused", 10,  std::bind(&LocalPlanner::[01;31m[KobjFusedRight_callback[m[K, this, std::placeholders::_1));
[7.379s]       |                                                   [01;31m[K^~~~~~~~~~~~~~~~~~~~~~[m[K
[7.379s] 
[7.387s] [01m[K/root/ros2_ws/src/formula_student_packages/planner/src/local_planner.cpp:[m[K In member function â€˜[01m[Kvoid LocalPlanner::loop()[m[Kâ€™:
[7.387s] [01m[K/root/ros2_ws/src/formula_student_packages/planner/src/local_planner.cpp:51:27:[m[K [01;31m[Kerror: [m[Kâ€˜[01m[Kx[m[Kâ€™ was not declared in this scope
[7.387s]    51 |         pose.position.x = [01;31m[Kx[m[K;
[7.388s]       |                           [01;31m[K^[m[K
[7.397s] [01m[K/root/ros2_ws/src/formula_student_packages/planner/src/local_planner.cpp:52:27:[m[K [01;31m[Kerror: [m[Kâ€˜[01m[Ky[m[Kâ€™ was not declared in this scope; did you mean â€˜[01m[Kyn[m[Kâ€™?
[7.397s]    52 |         pose.position.y = [01;31m[Ky[m[K;
[7.397s]       |                           [01;31m[K^[m[K
[7.397s]       |                           [32m[Kyn[m[K
[7.404s] [01m[K/root/ros2_ws/src/formula_student_packages/planner/src/local_planner.cpp:54:27:[m[K [01;31m[Kerror: [m[Kâ€˜[01m[Ki[m[Kâ€™ was not declared in this scope
[7.404s]    54 |         point.marker.id = [01;31m[Ki[m[K;
[7.404s]       |                           [01;31m[K^[m[K
[7.412s] [01m[K/root/ros2_ws/src/formula_student_packages/planner/src/local_planner.cpp:57:9:[m[K [01;31m[Kerror: [m[Kâ€˜[01m[Ktraj_pub[m[Kâ€™ was not declared in this scope; did you mean â€˜[01m[Ktraj_pub_[m[Kâ€™?
[7.412s]    57 |         [01;31m[Ktraj_pub[m[K->publish(pose_msg);
[7.413s]       |         [01;31m[K^~~~~~~~[m[K
[7.413s]       |         [32m[Ktraj_pub_[m[K
[11.771s] gmake[2]: *** [CMakeFiles/plan_trajectory_planner.dir/build.make:76: CMakeFiles/plan_trajectory_planner.dir/src/local_planner.cpp.o] Error 1
[11.771s] gmake[1]: *** [CMakeFiles/Makefile2:137: CMakeFiles/plan_trajectory_planner.dir/all] Error 2
[11.771s] gmake: *** [Makefile:146: all] Error 2
[11.775s] Invoked command in '/root/ros2_ws/build/planner' returned '2': CMAKE_PREFIX_PATH=${CMAKE_PREFIX_PATH}:/root/ros2_ws/install/pointcloud_publisher:/opt/ros/humble /usr/bin/cmake --build /root/ros2_ws/build/planner -- -j8 -l8
