[0.106s] Invoking command in '/root/ros2_ws/build/cone_detection_lidar': CMAKE_PREFIX_PATH=${CMAKE_PREFIX_PATH}:/root/ros2_ws/install/eufs_tracks:/root/ros2_ws/install/detection:/root/ros2_ws/install/eufs_rqt:/root/ros2_ws/install/eufs_launcher:/root/ros2_ws/src/install/eufs_rqt:/root/ros2_ws/src/install/pointcloud_publisher:/root/ros2_ws/src/install/eufs_tracks:/root/ros2_ws/src/install/eufs_racecar:/root/ros2_ws/src/install/detection:/root/ros2_ws/install/eufs_racecar:/root/ros2_ws/install/pointcloud_publisher:/opt/ros/humble /usr/bin/cmake /root/ros2_ws/src/formula_student_packages/cone_detection_lidar -DCMAKE_INSTALL_PREFIX=/root/ros2_ws/install/cone_detection_lidar
[0.649s] -- The C compiler identification is GNU 11.4.0
[0.649s] -- The CXX compiler identification is GNU 11.4.0
[0.649s] -- Detecting C compiler ABI info
[0.649s] -- Detecting C compiler ABI info - done
[0.649s] -- Check for working C compiler: /usr/bin/cc - skipped
[0.650s] -- Detecting C compile features
[0.650s] -- Detecting C compile features - done
[0.650s] -- Detecting CXX compiler ABI info
[0.757s] -- Detecting CXX compiler ABI info - done
[0.779s] -- Check for working CXX compiler: /usr/bin/c++ - skipped
[0.780s] -- Detecting CXX compile features
[0.782s] -- Detecting CXX compile features - done
[0.792s] -- Found ament_cmake: 1.3.9 (/opt/ros/humble/share/ament_cmake/cmake)
[1.246s] -- Found Python3: /usr/bin/python3 (found version "3.10.12") found components: Interpreter 
[1.501s] -- Found rclcpp: 16.0.9 (/opt/ros/humble/share/rclcpp/cmake)
[1.670s] -- Found rosidl_generator_c: 3.1.5 (/opt/ros/humble/share/rosidl_generator_c/cmake)
[1.690s] -- Found rosidl_adapter: 3.1.5 (/opt/ros/humble/share/rosidl_adapter/cmake)
[1.716s] -- Found rosidl_generator_cpp: 3.1.5 (/opt/ros/humble/share/rosidl_generator_cpp/cmake)
[1.770s] -- Using all available rosidl_typesupport_c: rosidl_typesupport_fastrtps_c;rosidl_typesupport_introspection_c
[1.863s] -- Using all available rosidl_typesupport_cpp: rosidl_typesupport_fastrtps_cpp;rosidl_typesupport_introspection_cpp
[2.100s] -- Found rmw_implementation_cmake: 6.1.2 (/opt/ros/humble/share/rmw_implementation_cmake/cmake)
[2.109s] -- Found rmw_fastrtps_cpp: 6.2.6 (/opt/ros/humble/share/rmw_fastrtps_cpp/cmake)
[2.427s] -- Found OpenSSL: /usr/lib/x86_64-linux-gnu/libcrypto.so (found version "3.0.2")  
[2.504s] -- Found FastRTPS: /opt/ros/humble/include  
[2.629s] -- Using RMW implementation 'rmw_fastrtps_cpp' as default
[2.659s] -- Looking for pthread.h
[2.862s] -- Looking for pthread.h - found
[2.863s] -- Performing Test CMAKE_HAVE_LIBC_PTHREAD
[3.059s] -- Performing Test CMAKE_HAVE_LIBC_PTHREAD - Success
[3.062s] -- Found Threads: TRUE  
[3.495s] -- Found sensor_msgs: 4.2.4 (/opt/ros/humble/share/sensor_msgs/cmake)
[3.800s] -- Found nav_msgs: 4.2.4 (/opt/ros/humble/share/nav_msgs/cmake)
[4.099s] -- Found visualization_msgs: 4.2.4 (/opt/ros/humble/share/visualization_msgs/cmake)
[4.456s] -- Found tf2: 0.25.7 (/opt/ros/humble/share/tf2/cmake)
[4.489s] -- Found tf2_msgs: 0.25.7 (/opt/ros/humble/share/tf2_msgs/cmake)
[4.950s] -- Found tf2_ros: 0.25.7 (/opt/ros/humble/share/tf2_ros/cmake)
[5.364s] -- Found tf2_geometry_msgs: 0.25.7 (/opt/ros/humble/share/tf2_geometry_msgs/cmake)
[5.413s] -- Found eigen3_cmake_module: 0.1.1 (/opt/ros/humble/share/eigen3_cmake_module/cmake)
[5.427s] -- Found Eigen3: TRUE (found version "3.4.0") 
[5.427s] -- Ensuring Eigen3 include directory is part of orocos-kdl CMake target
[5.458s] -- Found pcl_ros: 2.4.0 (/opt/ros/humble/share/pcl_ros/cmake)
[6.227s] -- Checking for module 'eigen3'
[6.266s] --   Found eigen3, version 3.4.0
[6.366s] -- Found Eigen: /usr/include/eigen3 (Required is at least version "3.1") 
[6.367s] -- Eigen found (include: /usr/include/eigen3, version: 3.4.0)
[6.461s] -- Checking for module 'flann'
[6.506s] --   Found flann, version 1.9.1
[6.614s] -- Found FLANN: /usr/lib/x86_64-linux-gnu/libflann_cpp.so  
[6.614s] -- FLANN found (include: /usr/include, lib: /usr/lib/x86_64-linux-gnu/libflann_cpp.so)
[9.209s] -- Checking for module 'libusb-1.0'
[9.252s] --   Found libusb-1.0, version 1.0.25
[9.356s] -- Found libusb: /usr/lib/x86_64-linux-gnu/libusb-1.0.so  
[9.361s] -- OpenNI found (version: 1.5.4.0, include: /usr/include/ni, lib: /usr/lib/libOpenNI.so;libusb::libusb)
[9.525s] -- OpenNI2 found (version: 2.2.0.33, include: /usr/include/openni2, lib: /usr/lib/x86_64-linux-gnu/libOpenNI2.so;libusb::libusb)
[9.960s] -- Eigen found (include: /usr/include/eigen3, version: 3.4.0)
[9.993s] -- OpenNI found (version: 1.5.4.0, include: /usr/include/ni, lib: /usr/lib/libOpenNI.so;libusb::libusb)
[10.008s] -- OpenNI2 found (version: 2.2.0.33, include: /usr/include/openni2, lib: /usr/lib/x86_64-linux-gnu/libOpenNI2.so;libusb::libusb)
[10.582s] -- Found Qhull version 8.0.2
[11.183s] -- OpenNI found (version: 1.5.4.0, include: /usr/include/ni, lib: /usr/lib/libOpenNI.so;libusb::libusb)
[12.046s] -- Found PCL_COMMON: /usr/lib/x86_64-linux-gnu/libpcl_common.so  
[12.049s] -- Found PCL_KDTREE: /usr/lib/x86_64-linux-gnu/libpcl_kdtree.so  
[12.054s] -- Found PCL_OCTREE: /usr/lib/x86_64-linux-gnu/libpcl_octree.so  
[12.055s] -- Found PCL_SEARCH: /usr/lib/x86_64-linux-gnu/libpcl_search.so  
[12.059s] -- Found PCL_SAMPLE_CONSENSUS: /usr/lib/x86_64-linux-gnu/libpcl_sample_consensus.so  
[12.064s] -- Found PCL_FILTERS: /usr/lib/x86_64-linux-gnu/libpcl_filters.so  
[12.064s] -- Found PCL_2D: /usr/include/pcl-1.12  
[12.066s] -- Found PCL_GEOMETRY: /usr/include/pcl-1.12  
[12.069s] -- Found PCL_IO: /usr/lib/x86_64-linux-gnu/libpcl_io.so  
[12.076s] -- Found PCL_FEATURES: /usr/lib/x86_64-linux-gnu/libpcl_features.so  
[12.078s] -- Found PCL_ML: /usr/lib/x86_64-linux-gnu/libpcl_ml.so  
[12.081s] -- Found PCL_SEGMENTATION: /usr/lib/x86_64-linux-gnu/libpcl_segmentation.so  
[12.083s] -- Found PCL_VISUALIZATION: /usr/lib/x86_64-linux-gnu/libpcl_visualization.so  
[12.088s] -- Found PCL_SURFACE: /usr/lib/x86_64-linux-gnu/libpcl_surface.so  
[12.092s] -- Found PCL_REGISTRATION: /usr/lib/x86_64-linux-gnu/libpcl_registration.so  
[12.098s] -- Found PCL_KEYPOINTS: /usr/lib/x86_64-linux-gnu/libpcl_keypoints.so  
[12.098s] -- Found PCL_TRACKING: /usr/lib/x86_64-linux-gnu/libpcl_tracking.so  
[12.101s] -- Found PCL_RECOGNITION: /usr/lib/x86_64-linux-gnu/libpcl_recognition.so  
[12.107s] -- Found PCL_STEREO: /usr/lib/x86_64-linux-gnu/libpcl_stereo.so  
[12.107s] -- Found PCL_APPS: /usr/lib/x86_64-linux-gnu/libpcl_apps.so  
[12.111s] -- Found PCL_IN_HAND_SCANNER: /usr/include/pcl-1.12  
[12.112s] -- Found PCL_MODELER: /usr/include/pcl-1.12  
[12.114s] -- Found PCL_POINT_CLOUD_EDITOR: /usr/include/pcl-1.12  
[12.117s] -- Found PCL_OUTOFCORE: /usr/lib/x86_64-linux-gnu/libpcl_outofcore.so  
[12.122s] -- Found PCL_PEOPLE: /usr/lib/x86_64-linux-gnu/libpcl_people.so  
[12.664s] -- Found ament_lint_auto: 0.12.11 (/opt/ros/humble/share/ament_lint_auto/cmake)
[12.919s] -- Added test 'cppcheck' to perform static code analysis on C / C++ code
[12.922s] -- Configured cppcheck include dirs: /root/ros2_ws/src/formula_student_packages/cone_detection_lidar/include
[12.923s] -- Configured cppcheck exclude dirs and/or files: 
[12.928s] -- Added test 'flake8' to check Python code syntax and style conventions
[12.928s] -- Added test 'lint_cmake' to check CMake code style
[12.929s] -- Added test 'pep257' to check Python code against some of the docstring style conventions in PEP 257
[12.934s] -- Added test 'uncrustify' to check C / C++ code style
[12.934s] -- Configured uncrustify additional arguments: 
[12.936s] -- Added test 'xmllint' to check XML markup files
[12.941s] -- Configuring done
[13.162s] -- Generating done
[13.172s] -- Build files have been written to: /root/ros2_ws/build/cone_detection_lidar
[13.233s] Invoked command in '/root/ros2_ws/build/cone_detection_lidar' returned '0': CMAKE_PREFIX_PATH=${CMAKE_PREFIX_PATH}:/root/ros2_ws/install/eufs_tracks:/root/ros2_ws/install/detection:/root/ros2_ws/install/eufs_rqt:/root/ros2_ws/install/eufs_launcher:/root/ros2_ws/src/install/eufs_rqt:/root/ros2_ws/src/install/pointcloud_publisher:/root/ros2_ws/src/install/eufs_tracks:/root/ros2_ws/src/install/eufs_racecar:/root/ros2_ws/src/install/detection:/root/ros2_ws/install/eufs_racecar:/root/ros2_ws/install/pointcloud_publisher:/opt/ros/humble /usr/bin/cmake /root/ros2_ws/src/formula_student_packages/cone_detection_lidar -DCMAKE_INSTALL_PREFIX=/root/ros2_ws/install/cone_detection_lidar
[13.235s] Invoking command in '/root/ros2_ws/build/cone_detection_lidar': CMAKE_PREFIX_PATH=${CMAKE_PREFIX_PATH}:/root/ros2_ws/install/eufs_tracks:/root/ros2_ws/install/detection:/root/ros2_ws/install/eufs_rqt:/root/ros2_ws/install/eufs_launcher:/root/ros2_ws/src/install/eufs_rqt:/root/ros2_ws/src/install/pointcloud_publisher:/root/ros2_ws/src/install/eufs_tracks:/root/ros2_ws/src/install/eufs_racecar:/root/ros2_ws/src/install/detection:/root/ros2_ws/install/eufs_racecar:/root/ros2_ws/install/pointcloud_publisher:/opt/ros/humble /usr/bin/cmake --build /root/ros2_ws/build/cone_detection_lidar -- -j8 -l8
[13.658s] [ 25%] [32mBuilding CXX object CMakeFiles/detection_simple.dir/src/detection_simple.cpp.o[0m
[13.659s] [ 50%] [32mBuilding CXX object CMakeFiles/grid_trajectory.dir/src/grid_trajectory.cpp.o[0m
[84.957s] [01m[Kc++:[m[K [01;31m[Kfatal error: [m[KKilled signal terminated program cc1plus
[84.996s] compilation terminated.
[84.996s] gmake[2]: *** [CMakeFiles/detection_simple.dir/build.make:76: CMakeFiles/detection_simple.dir/src/detection_simple.cpp.o] Error 1
[84.997s] gmake[1]: *** [CMakeFiles/Makefile2:139: CMakeFiles/detection_simple.dir/all] Error 2
[84.997s] gmake[1]: *** Waiting for unfinished jobs....
[187.826s] [ 75%] [32m[1mLinking CXX executable grid_trajectory[0m
[190.747s] [ 75%] Built target grid_trajectory
[190.782s] gmake: *** [Makefile:146: all] Error 2
